<?xml version="1.0" encoding="UTF-8"?>
<testsuite xmlns:xsi="http://www.w3.org/2001/XMLSchema-instance" xsi:schemaLocation="https://maven.apache.org/surefire/maven-surefire-plugin/xsd/surefire-test-report.xsd" name="com.google.errorprone.GeneralExceptionCheckTest" time="2.673" tests="2" errors="0" skipped="0" failures="0">
  <properties>
[...]
</properties>
  <testcase name="GeneralExceptionCheckNegativeCases" classname="com.google.errorprone.GeneralExceptionCheckTest" time="2.036"/>
  <testcase name="GeneralExceptionCheckPositiveCases" classname="com.google.errorprone.GeneralExceptionCheckTest" time="0.537"/>
</testsuite>